<?xml version="1.0" encoding="UTF-8"?>
<testng-results skipped="0" failed="0" total="1" passed="1">
  <reporter-output>
  </reporter-output>
  <suite name="Default suite" duration-ms="76689" started-at="2019-06-14T18:34:15Z" finished-at="2019-06-14T18:35:32Z">
    <groups>
    </groups>
    <test name="Default test" duration-ms="76689" started-at="2019-06-14T18:34:15Z" finished-at="2019-06-14T18:35:32Z">
      <class name="tests.Guru99Test">
        <test-method status="PASS" signature="initialization()[pri:0, instance:tests.Guru99Test@24a67]" name="initialization" is-config="true" duration-ms="49751" started-at="2019-06-15T00:03:26Z" finished-at="2019-06-15T00:04:15Z">
          <reporter-output>
          </reporter-output>
        </test-method> <!-- initialization -->
        <test-method status="PASS" signature="init()[pri:0, instance:tests.Guru99Test@24a67]" name="init" duration-ms="76669" started-at="2019-06-15T00:04:15Z" finished-at="2019-06-15T00:05:32Z">
          <reporter-output>
          </reporter-output>
        </test-method> <!-- init -->
        <test-method status="PASS" signature="TeardownTest()[pri:0, instance:tests.Guru99Test@24a67]" name="TeardownTest" is-config="true" duration-ms="0" started-at="2019-06-15T00:05:32Z" finished-at="2019-06-15T00:05:32Z">
          <reporter-output>
          </reporter-output>
        </test-method> <!-- TeardownTest -->
      </class> <!-- tests.Guru99Test -->
    </test> <!-- Default test -->
  </suite> <!-- Default suite -->
</testng-results>
